2017-12-19 13:18:27 +0000  Initial pipeline context: <IDEDistributionProcessingPipelineContext: 0x7fb5239c5530; archive(resolved)='<IDEArchive: 0x7fb5236c7c30>', distributionTask(resolved)='2', distributionMethod(resolved)='<IDEDistributionMethodiOSAppStoreExport: 0x7fb532970df0>', team(resolved)='<IDEProvisioningBasicTeam 0x7fb523332e70: teamID: LUH7Q7VWNM, teamName: Huaian Meijia  Electronic Commerce  Co. Ltd.>'>
	Chain (11, self inclusive):
	<IDEDistributionProcessingPipelineContext: 0x7fb5239c5530; archive = '<IDEArchive: 0x7fb5236c7c30>', distributionMethod='<IDEDistributionMethodiOSAppStoreExport: 0x7fb532970df0>', team='<IDEProvisioningBasicTeam 0x7fb523332e70: teamID: LUH7Q7VWNM, teamName: Huaian Meijia  Electronic Commerce  Co. Ltd.>'>
	<IDEDistributionProcessingPipelineContext: 0x7fb523bf5700; archive = '<IDEArchive: 0x7fb5236c7c30>', distributionMethod='<IDEDistributionMethodiOSAppStoreExport: 0x7fb532970df0>', team='<IDEProvisioningBasicTeam 0x7fb523332e70: teamID: LUH7Q7VWNM, teamName: Huaian Meijia  Electronic Commerce  Co. Ltd.>'>
	<IDEDistributionContext: 0x7fb5231850b0; archive = '<IDEArchive: 0x7fb5236c7c30>', distributionMethod='<IDEDistributionMethodiOSAppStoreExport: 0x7fb532970df0>', team='<IDEProvisioningBasicTeam 0x7fb523332e70: teamID: LUH7Q7VWNM, teamName: Huaian Meijia  Electronic Commerce  Co. Ltd.>'>
	<IDEDistributionContext: 0x7fb525742e10; archive = '<IDEArchive: 0x7fb5236c7c30>', distributionMethod='<IDEDistributionMethodiOSAppStoreExport: 0x7fb532970df0>', team='<IDEProvisioningBasicTeam 0x7fb523332e70: teamID: LUH7Q7VWNM, teamName: Huaian Meijia  Electronic Commerce  Co. Ltd.>'>
	<IDEDistributionContext: 0x7fb5250e77f0; archive = '<IDEArchive: 0x7fb5236c7c30>', distributionMethod='<IDEDistributionMethodiOSAppStoreExport: 0x7fb532970df0>', team='<IDEProvisioningBasicTeam 0x7fb523332e70: teamID: LUH7Q7VWNM, teamName: Huaian Meijia  Electronic Commerce  Co. Ltd.>'>
	<IDEDistributionContext: 0x7fb521a7ead0; archive = '<IDEArchive: 0x7fb5236c7c30>', distributionMethod='<IDEDistributionMethodiOSAppStoreExport: 0x7fb532970df0>', team='<IDEProvisioningBasicTeam 0x7fb523332e70: teamID: LUH7Q7VWNM, teamName: Huaian Meijia  Electronic Commerce  Co. Ltd.>'>
	<IDEDistributionContext: 0x7fb5256728a0; archive = '<IDEArchive: 0x7fb5236c7c30>', distributionMethod='<IDEDistributionMethodiOSAppStoreExport: 0x7fb532970df0>', team='<IDEProvisioningBasicTeam 0x7fb523332e70: teamID: LUH7Q7VWNM, teamName: Huaian Meijia  Electronic Commerce  Co. Ltd.>'>
	<IDEDistributionContext: 0x7fb523983620; archive = '<IDEArchive: 0x7fb5236c7c30>', distributionMethod='<IDEDistributionMethodiOSAppStoreExport: 0x7fb532970df0>', team='<IDEProvisioningBasicTeam 0x7fb523332e70: teamID: LUH7Q7VWNM, teamName: Huaian Meijia  Electronic Commerce  Co. Ltd.>'>
	<IDEDistributionContext: 0x7fb520f065a0; archive = '<IDEArchive: 0x7fb5236c7c30>', distributionMethod='<IDEDistributionMethodiOSAppStoreExport: 0x7fb532970df0>', team='<IDEProvisioningBasicTeam 0x7fb523332e70: teamID: LUH7Q7VWNM, teamName: Huaian Meijia  Electronic Commerce  Co. Ltd.>'>
	<IDEDistributionContext: 0x7fb51cd375f0; archive = '<IDEArchive: 0x7fb5236c7c30>', distributionMethod='<IDEDistributionMethodiOSAppStoreExport: 0x7fb532970df0>', team='(null)'>
	<IDEDistributionContext: 0x7fb521bf13e0; archive = '<IDEArchive: 0x7fb5236c7c30>', distributionMethod='(null)', team='(null)'>
</IDEDistributionProcessingPipelineContext: 0x7fb5239c5530>
2017-12-19 13:18:27 +0000  Processing step: IDEDistributionCreateDestRootStep
2017-12-19 13:18:27 +0000  Processing step: IDEDistributionCopyItemStep
2017-12-19 13:18:27 +0000  Running /usr/bin/ditto '-V' '/Users/hanxianwei/Library/Developer/Xcode/Archives/2017-12-19/同城享购商户版 2017-12-19 下午9.17.xcarchive/Products/Applications/同城享购商户版.app' '/var/folders/vk/4rskl5094xd46tgfv2crxvyc0000gn/T/XcodeDistPipeline.OZ9/Root/Payload/同城享购商户版.app'
2017-12-19 13:18:27 +0000  >>> Copying /Users/hanxianwei/Library/Developer/Xcode/Archives/2017-12-19/同城享购商户版 2017-12-19 下午9.17.xcarchive/Products/Applications/同城享购商户版.app 
2017-12-19 13:18:27 +0000  copying file ./_CodeSignature/CodeResources ... 
2017-12-19 13:18:27 +0000  63744 bytes for ./_CodeSignature/CodeResources
copying file ./activityTableViewCell.nib ... 
2017-12-19 13:18:27 +0000  8244 bytes for ./activityTableViewCell.nib
copying file ./activityView.nib ... 
2017-12-19 13:18:27 +0000  13359 bytes for ./activityView.nib
2017-12-19 13:18:27 +0000  copying file ./addAttrsTypeViewController.nib ... 
2017-12-19 13:18:27 +0000  4741 bytes for ./addAttrsTypeViewController.nib
copying file ./addValsViewController.nib ... 
2017-12-19 13:18:27 +0000  7582 bytes for ./addValsViewController.nib
copying file ./advViewController.nib ... 
2017-12-19 13:18:27 +0000  3193 bytes for ./advViewController.nib
2017-12-19 13:18:27 +0000  copying file ./AMap.bundle/AMap3D.bundle/3d_sky_day.data ... 
2017-12-19 13:18:27 +0000  44612 bytes for ./AMap.bundle/AMap3D.bundle/3d_sky_day.data
copying file ./AMap.bundle/AMap3D.bundle/3d_sky_night.data ... 
2017-12-19 13:18:27 +0000  51008 bytes for ./AMap.bundle/AMap3D.bundle/3d_sky_night.data
copying file ./AMap.bundle/AMap3D.bundle/3dlandscape.xml ... 
2017-12-19 13:18:27 +0000  3890 bytes for ./AMap.bundle/AMap3D.bundle/3dlandscape.xml
copying file ./AMap.bundle/AMap3D.bundle/3dportrait.xml ... 
2017-12-19 13:18:27 +0000  3890 bytes for ./AMap.bundle/AMap3D.bundle/3dportrait.xml
copying file ./AMap.bundle/AMap3D.bundle/bktile.data ... 
2017-12-19 13:18:27 +0000  151 bytes for ./AMap.bundle/AMap3D.bundle/bktile.data
copying file ./AMap.bundle/AMap3D.bundle/bktile_n.data ... 
2017-12-19 13:18:27 +0000  145 bytes for ./AMap.bundle/AMap3D.bundle/bktile_n.data
2017-12-19 13:18:27 +0000  copying file ./AMap.bundle/AMap3D.bundle/building.data ... 
2017-12-19 13:18:27 +0000  996 bytes for ./AMap.bundle/AMap3D.bundle/building.data
copying file ./AMap.bundle/AMap3D.bundle/config_1_1_1470722888.data ... 
2017-12-19 13:18:27 +0000  10442 bytes for ./AMap.bundle/AMap3D.bundle/config_1_1_1470722888.data
copying file ./AMap.bundle/AMap3D.bundle/config_2_1_1470363686.data ... 
2017-12-19 13:18:27 +0000  640 bytes for ./AMap.bundle/AMap3D.bundle/config_2_1_1470363686.data
2017-12-19 13:18:27 +0000  copying file ./AMap.bundle/AMap3D.bundle/dash.data ... 
2017-12-19 13:18:27 +0000  21896 bytes for ./AMap.bundle/AMap3D.bundle/dash.data
copying file ./AMap.bundle/AMap3D.bundle/dash_cd.data ... 
2017-12-19 13:18:27 +0000  21896 bytes for ./AMap.bundle/AMap3D.bundle/dash_cd.data
copying file ./AMap.bundle/AMap3D.bundle/dash_tq.data ... 
2017-12-19 13:18:27 +0000  21896 bytes for ./AMap.bundle/AMap3D.bundle/dash_tq.data
copying file ./AMap.bundle/AMap3D.bundle/icons_11_12_1488521704.data ... 
2017-12-19 13:18:27 +0000  7611 bytes for ./AMap.bundle/AMap3D.bundle/icons_11_12_1488521704.data
copying file ./AMap.bundle/AMap3D.bundle/icons_1_12_1498048291.data ... 
2017-12-19 13:18:27 +0000  132631 bytes for ./AMap.bundle/AMap3D.bundle/icons_1_12_1498048291.data
2017-12-19 13:18:27 +0000  copying file ./AMap.bundle/AMap3D.bundle/icons_26_10_1476066932.data ... 
2017-12-19 13:18:27 +0000  111275 bytes for ./AMap.bundle/AMap3D.bundle/icons_26_10_1476066932.data
copying file ./AMap.bundle/AMap3D.bundle/icons_27_10_1475031813.data ... 
2017-12-19 13:18:27 +0000  130110 bytes for ./AMap.bundle/AMap3D.bundle/icons_27_10_1475031813.data
copying file ./AMap.bundle/AMap3D.bundle/icons_2_12_1498048312.data ... 
2017-12-19 13:18:27 +0000  134076 bytes for ./AMap.bundle/AMap3D.bundle/icons_2_12_1498048312.data
2017-12-19 13:18:27 +0000  copying file ./AMap.bundle/AMap3D.bundle/icons_3_12_1498048330.data ... 
2017-12-19 13:18:27 +0000  132653 bytes for ./AMap.bundle/AMap3D.bundle/icons_3_12_1498048330.data
2017-12-19 13:18:27 +0000  copying file ./AMap.bundle/AMap3D.bundle/icons_4_12_1488521409.data ... 
2017-12-19 13:18:27 +0000  168738 bytes for ./AMap.bundle/AMap3D.bundle/icons_4_12_1488521409.data
copying file ./AMap.bundle/AMap3D.bundle/icons_50_10_1470645645.data ... 
2017-12-19 13:18:27 +0000  84376 bytes for ./AMap.bundle/AMap3D.bundle/icons_50_10_1470645645.data
copying file ./AMap.bundle/AMap3D.bundle/icons_5_12_1488354051.data ... 
2017-12-19 13:18:27 +0000  8863 bytes for ./AMap.bundle/AMap3D.bundle/icons_5_12_1488354051.data
copying file ./AMap.bundle/AMap3D.bundle/icons_6_12_1497253591.data ... 
2017-12-19 13:18:27 +0000  59442 bytes for ./AMap.bundle/AMap3D.bundle/icons_6_12_1497253591.data
2017-12-19 13:18:27 +0000  copying file ./AMap.bundle/AMap3D.bundle/icons_7_12_1497253551.data ... 
2017-12-19 13:18:27 +0000  78867 bytes for ./AMap.bundle/AMap3D.bundle/icons_7_12_1497253551.data
copying file ./AMap.bundle/AMap3D.bundle/icons_8_12_1498048348.data ... 
2017-12-19 13:18:27 +0000  132631 bytes for ./AMap.bundle/AMap3D.bundle/icons_8_12_1498048348.data
copying file ./AMap.bundle/AMap3D.bundle/icons_9_10_1476066932.data ... 
2017-12-19 13:18:27 +0000  129883 bytes for ./AMap.bundle/AMap3D.bundle/icons_9_10_1476066932.data
copying file ./AMap.bundle/AMap3D.bundle/lineround.data ... 
10974 bytes for ./AMap.bundle/AMap3D.bundle/lineround.data
copying file ./AMap.bundle/AMap3D.bundle/roadarrow.data ... 
43824 bytes for ./AMap.bundle/AMap3D.bundle/roadarrow.data
copying file ./AMap.bundle/AMap3D.bundle/search_scenic_icon.data ... 
42623 bytes for ./AMap.bundle/AMap3D.bundle/search_scenic_icon.data
copying file ./AMap.bundle/AMap3D.bundle/style_100_10_1497254453.data ... 
3039 bytes for ./AMap.bundle/AMap3D.bundle/style_100_10_1497254453.data
copying file ./AMap.bundle/AMap3D.bundle/style_10_10_1472718686.data ... 
2017-12-19 13:18:27 +0000  6717 bytes for ./AMap.bundle/AMap3D.bundle/style_10_10_1472718686.data
copying file ./AMap.bundle/AMap3D.bundle/style_12_10_1467006104.data ... 
13348 bytes for ./AMap.bundle/AMap3D.bundle/style_12_10_1467006104.data
copying file ./AMap.bundle/AMap3D.bundle/style_13_10_1497252546.data ... 
9614 bytes for ./AMap.bundle/AMap3D.bundle/style_13_10_1497252546.data
copying file ./AMap.bundle/AMap3D.bundle/style_14_10_1497252572.data ... 
12646 bytes for ./AMap.bundle/AMap3D.bundle/style_14_10_1497252572.data
copying file ./AMap.bundle/AMap3D.bundle/style_15_10_1497583771.data ... 
16335 bytes for ./AMap.bundle/AMap3D.bundle/style_15_10_1497583771.data
copying file ./AMap.bundle/AMap3D.bundle/style_17_10_1488360312.data ... 
2017-12-19 13:18:27 +0000  43 bytes for ./AMap.bundle/AMap3D.bundle/style_17_10_1488360312.data
copying file ./AMap.bundle/AMap3D.bundle/style_1_10_1498047646.data ... 
16763 bytes for ./AMap.bundle/AMap3D.bundle/style_1_10_1498047646.data
copying file ./AMap.bundle/AMap3D.bundle/style_30_10_1498047712.data ... 
17299 bytes for ./AMap.bundle/AMap3D.bundle/style_30_10_1498047712.data
copying file ./AMap.bundle/AMap3D.bundle/style_31_10_1498047749.data ... 
2017-12-19 13:18:27 +0000  17251 bytes for ./AMap.bundle/AMap3D.bundle/style_31_10_1498047749.data
copying file ./AMap.bundle/AMap3D.bundle/style_32_10_1498047781.data ... 
17198 bytes for ./AMap.bundle/AMap3D.bundle/style_32_10_1498047781.data
copying file ./AMap.bundle/AMap3D.bundle/style_33_10_1498047815.data ... 
2017-12-19 13:18:27 +0000  17395 bytes for ./AMap.bundle/AMap3D.bundle/style_33_10_1498047815.data
copying file ./AMap.bundle/AMap3D.bundle/style_3_10_1497252336.data ... 
2017-12-19 13:18:27 +0000  13059 bytes for ./AMap.bundle/AMap3D.bundle/style_3_10_1497252336.data
copying file ./AMap.bundle/AMap3D.bundle/style_4_10_1498463093.data ... 
7504 bytes for ./AMap.bundle/AMap3D.bundle/style_4_10_1498463093.data
copying file ./AMap.bundle/AMap3D.bundle/style_50_10_1470645645.data ... 
1347 bytes for ./AMap.bundle/AMap3D.bundle/style_50_10_1470645645.data
copying file ./AMap.bundle/AMap3D.bundle/style_5_10_1498463124.data ... 
7369 bytes for ./AMap.bundle/AMap3D.bundle/style_5_10_1498463124.data
copying file ./AMap.bundle/AMap3D.bundle/style_6_10_1497252523.data ... 
2017-12-19 13:18:27 +0000  13101 bytes for ./AMap.bundle/AMap3D.bundle/style_6_10_1497252523.data
2017-12-19 13:18:27 +0000  copying file ./AMap.bundle/AMap3D.bundle/style_8_10_1497252659.data ... 
9424 bytes for ./AMap.bundle/AMap3D.bundle/style_8_10_1497252659.data
copying file ./AMap.bundle/AMap3D.bundle/tbl.data ... 
21896 bytes for ./AMap.bundle/AMap3D.bundle/tbl.data
copying file ./AMap.bundle/AMap3D.bundle/tbl_l.data ... 
21896 bytes for ./AMap.bundle/AMap3D.bundle/tbl_l.data
copying file ./AMap.bundle/AMap3D.bundle/tbl_n.data ... 
21896 bytes for ./AMap.bundle/AMap3D.bundle/tbl_n.data
copying file ./AMap.bundle/AMap3D.bundle/tgl.data ... 
2017-12-19 13:18:27 +0000  21896 bytes for ./AMap.bundle/AMap3D.bundle/tgl.data
copying file ./AMap.bundle/AMap3D.bundle/tgl_l.data ... 
21896 bytes for ./AMap.bundle/AMap3D.bundle/tgl_l.data
copying file ./AMap.bundle/AMap3D.bundle/tgl_n.data ... 
2017-12-19 13:18:27 +0000  21896 bytes for ./AMap.bundle/AMap3D.bundle/tgl_n.data
copying file ./AMap.bundle/AMap3D.bundle/tmc_blind_amble.data ... 
21896 bytes for ./AMap.bundle/AMap3D.bundle/tmc_blind_amble.data
copying file ./AMap.bundle/AMap3D.bundle/tmc_blind_congestion.data ... 
2017-12-19 13:18:27 +0000  21896 bytes for ./AMap.bundle/AMap3D.bundle/tmc_blind_congestion.data
copying file ./AMap.bundle/AMap3D.bundle/tmc_blind_null.data ... 
2017-12-19 13:18:27 +0000  21896 bytes for ./AMap.bundle/AMap3D.bundle/tmc_blind_null.data
copying file ./AMap.bundle/AMap3D.bundle/tmc_blind_severe_congestion.data ... 
2017-12-19 13:18:27 +0000  21896 bytes for ./AMap.bundle/AMap3D.bundle/tmc_blind_severe_congestion.data
copying file ./AMap.bundle/AMap3D.bundle/tmc_blind_smoothly.data ... 
2017-12-19 13:18:27 +0000  21896 bytes for ./AMap.bundle/AMap3D.bundle/tmc_blind_smoothly.data
copying file ./AMap.bundle/AMap3D.bundle/tnl.data ... 
2017-12-19 13:18:27 +0000  21896 bytes for ./AMap.bundle/AMap3D.bundle/tnl.data
2017-12-19 13:18:27 +0000  copying file ./AMap.bundle/AMap3D.bundle/tnl_l.data ... 
21896 bytes for ./AMap.bundle/AMap3D.bundle/tnl_l.data
copying file ./AMap.bundle/AMap3D.bundle/tnl_n.data ... 
2017-12-19 13:18:27 +0000  21896 bytes for ./AMap.bundle/AMap3D.bundle/tnl_n.data
copying file ./AMap.bundle/AMap3D.bundle/trl.data ... 
2017-12-19 13:18:27 +0000  21896 bytes for ./AMap.bundle/AMap3D.bundle/trl.data
copying file ./AMap.bundle/AMap3D.bundle/trl_l.data ... 
2017-12-19 13:18:27 +0000  21896 bytes for ./AMap.bundle/AMap3D.bundle/trl_l.data
copying file ./AMap.bundle/AMap3D.bundle/trl_n.data ... 
2017-12-19 13:18:27 +0000  21896 bytes for ./AMap.bundle/AMap3D.bundle/trl_n.data
copying file ./AMap.bundle/AMap3D.bundle/tyl.data ... 
2017-12-19 13:18:27 +0000  21896 bytes for ./AMap.bundle/AMap3D.bundle/tyl.data
copying file ./AMap.bundle/AMap3D.bundle/tyl_l.data ... 
2017-12-19 13:18:27 +0000  21896 bytes for ./AMap.bundle/AMap3D.bundle/tyl_l.data
copying file ./AMap.bundle/AMap3D.bundle/tyl_n.data ... 
2017-12-19 13:18:27 +0000  21896 bytes for ./AMap.bundle/AMap3D.bundle/tyl_n.data
copying file ./AMap.bundle/AMap3D.bundle/VM3DRes/cross_bg.png ... 
2017-12-19 13:18:27 +0000  1101 bytes for ./AMap.bundle/AMap3D.bundle/VM3DRes/cross_bg.png
copying file ./AMap.bundle/AMap3D.bundle/VM3DRes/cross_bg_day.png ... 
2017-12-19 13:18:27 +0000  86 bytes for ./AMap.bundle/AMap3D.bundle/VM3DRes/cross_bg_day.png
copying file ./AMap.bundle/AMap3D.bundle/VM3DRes/cross_bg_night.png ... 
2017-12-19 13:18:27 +0000  14612 bytes for ./AMap.bundle/AMap3D.bundle/VM3DRes/cross_bg_night.png
copying file ./AMap.bundle/AMap3D.bundle/VM3DRes/d_yellow.png ... 
2901 bytes for ./AMap.bundle/AMap3D.bundle/VM3DRes/d_yellow.png
copying file ./AMap.bundle/AMap3D.bundle/VM3DRes/d_yellow_day.png ... 
2901 bytes for ./AMap.bundle/AMap3D.bundle/VM3DRes/d_yellow_day.png
copying file ./AMap.bundle/AMap3D.bundle/VM3DRes/d_yellow_night.png ... 
2017-12-19 13:18:27 +0000  2901 bytes for ./AMap.bundle/AMap3D.bundle/VM3DRes/d_yellow_night.png
copying file ./AMap.bundle/AMap3D.bundle/VM3DRes/grass_day.png ... 
2017-12-19 13:18:27 +0000  86 bytes for ./AMap.bundle/AMap3D.bundle/VM3DRes/grass_day.png
copying file ./AMap.bundle/AMap3D.bundle/VM3DRes/grass_night.png ... 
2017-12-19 13:18:27 +0000  86 bytes for ./AMap.bundle/AMap3D.bundle/VM3DRes/grass_night.png
copying file ./AMap.bundle/AMap3D.bundle/VM3DRes/road_bottom.png ... 
86 bytes for ./AMap.bundle/AMap3D.bundle/VM3DRes/road_bottom.png
copying file ./AMap.bundle/AMap3D.bundle/VM3DRes/road_bottom_day.png ... 
2017-12-19 13:18:27 +0000  86 bytes for ./AMap.bundle/AMap3D.bundle/VM3DRes/road_bottom_day.png
copying file ./AMap.bundle/AMap3D.bundle/VM3DRes/road_bottom_night.png ... 
2017-12-19 13:18:27 +0000  86 bytes for ./AMap.bundle/AMap3D.bundle/VM3DRes/road_bottom_night.png
copying file ./AMap.bundle/AMap3D.bundle/VM3DRes/roadbk_main.png ... 
86 bytes for ./AMap.bundle/AMap3D.bundle/VM3DRes/roadbk_main.png
copying file ./AMap.bundle/AMap3D.bundle/VM3DRes/roadbk_main_day.png ... 
86 bytes for ./AMap.bundle/AMap3D.bundle/VM3DRes/roadbk_main_day.png
copying file ./AMap.bundle/AMap3D.bundle/VM3DRes/roadbk_main_night.png ... 
86 bytes for ./AMap.bundle/AMap3D.bundle/VM3DRes/roadbk_main_night.png
copying file ./AMap.bundle/AMap3D.bundle/waterline.data ... 
2017-12-19 13:18:27 +0000  2849 bytes for ./AMap.bundle/AMap3D.bundle/waterline.data
copying file ./AMap.bundle/Bundle3D.plist ... 
2017-12-19 13:18:27 +0000  2046 bytes for ./AMap.bundle/Bundle3D.plist
2017-12-19 13:18:27 +0000  copying file ./AMap.bundle/images/arrow_line_inner.png ... 
2017-12-19 13:18:27 +0000  316 bytes for ./AMap.bundle/images/arrow_line_inner.png
copying file ./AMap.bundle/images/calloutArrowMask.png ... 
2017-12-19 13:18:27 +0000  323 bytes for ./AMap.bundle/images/calloutArrowMask.png
copying file ./AMap.bundle/images/calloutArrowMask@2x.png ... 
2017-12-19 13:18:27 +0000  572 bytes for ./AMap.bundle/images/calloutArrowMask@2x.png
copying file ./AMap.bundle/images/greenPin.png ... 
2017-12-19 13:18:27 +0000  988 bytes for ./AMap.bundle/images/greenPin.png
copying file ./AMap.bundle/images/greenPin@2x.png ... 
2017-12-19 13:18:27 +0000  1893 bytes for ./AMap.bundle/images/greenPin@2x.png
copying file ./AMap.bundle/images/greenPin@3x.png ... 
2844 bytes for ./AMap.bundle/images/greenPin@3x.png
copying file ./AMap.bundle/images/greenPin_lift.png ... 
425 bytes for ./AMap.bundle/images/greenPin_lift.png
copying file ./AMap.bundle/images/greenPin_lift@2x.png ... 
2017-12-19 13:18:27 +0000  960 bytes for ./AMap.bundle/images/greenPin_lift@2x.png
copying file ./AMap.bundle/images/greenPin_lift@3x.png ... 
1401 bytes for ./AMap.bundle/images/greenPin_lift@3x.png
copying file ./AMap.bundle/images/lineDashTexture.png ... 
194 bytes for ./AMap.bundle/images/lineDashTexture.png
copying file ./AMap.bundle/images/lineDashTextureDot.png ... 
2017-12-19 13:18:27 +0000  946 bytes for ./AMap.bundle/images/lineDashTextureDot.png
copying file ./AMap.bundle/images/lineDashTextureThin.png ... 
224 bytes for ./AMap.bundle/images/lineDashTextureThin.png
copying file ./AMap.bundle/images/lineTexture.png ... 
2830 bytes for ./AMap.bundle/images/lineTexture.png
copying file ./AMap.bundle/images/lineTextureThin.png ... 
243 bytes for ./AMap.bundle/images/lineTextureThin.png
copying file ./AMap.bundle/images/marker_blue.png ... 
1972 bytes for ./AMap.bundle/images/marker_blue.png
copying file ./AMap.bundle/images/marker_blue@2x.png ... 
2017-12-19 13:18:27 +0000  2547 bytes for ./AMap.bundle/images/marker_blue@2x.png
copying file ./AMap.bundle/images/pin_shadow.png ... 
2017-12-19 13:18:27 +0000  609 bytes for ./AMap.bundle/images/pin_shadow.png
copying file ./AMap.bundle/images/pin_shadow@2x.png ... 
1155 bytes for ./AMap.bundle/images/pin_shadow@2x.png
copying file ./AMap.bundle/images/pin_shadow@3x.png ... 
1817 bytes for ./AMap.bundle/images/pin_shadow@3x.png
copying file ./AMap.bundle/images/purplePin.png ... 
988 bytes for ./AMap.bundle/images/purplePin.png
copying file ./AMap.bundle/images/purplePin@2x.png ... 
2017-12-19 13:18:27 +0000  1873 bytes for ./AMap.bundle/images/purplePin@2x.png
copying file ./AMap.bundle/images/purplePin@3x.png ... 
2844 bytes for ./AMap.bundle/images/purplePin@3x.png
copying file ./AMap.bundle/images/purplePin_lift.png ... 
418 bytes for ./AMap.bundle/images/purplePin_lift.png
copying file ./AMap.bundle/images/purplePin_lift@2x.png ... 
960 bytes for ./AMap.bundle/images/purplePin_lift@2x.png
copying file ./AMap.bundle/images/purplePin_lift@3x.png ... 
1406 bytes for ./AMap.bundle/images/purplePin_lift@3x.png
copying file ./AMap.bundle/images/redPin.png ... 
986 bytes for ./AMap.bundle/images/redPin.png
copying file ./AMap.bundle/images/redPin@2x.png ... 
2017-12-19 13:18:27 +0000  1878 bytes for ./AMap.bundle/images/redPin@2x.png
copying file ./AMap.bundle/images/redPin@3x.png ... 
2848 bytes for ./AMap.bundle/images/redPin@3x.png
copying file ./AMap.bundle/images/redPin_lift.png ... 
418 bytes for ./AMap.bundle/images/redPin_lift.png
copying file ./AMap.bundle/images/redPin_lift@2x.png ... 
955 bytes for ./AMap.bundle/images/redPin_lift@2x.png
copying file ./AMap.bundle/images/redPin_lift@3x.png ... 
1405 bytes for ./AMap.bundle/images/redPin_lift@3x.png
copying file ./AMap.bundle/images/select_.png ... 
2017-12-19 13:18:27 +0000  1082 bytes for ./AMap.bundle/images/select_.png
2017-12-19 13:18:27 +0000  copying file ./AMap.bundle/images/select_@2x.png ... 
1082 bytes for ./AMap.bundle/images/select_@2x.png
copying file ./AMap.bundle/images/select_@3x.png ... 
2017-12-19 13:18:27 +0000  2162 bytes for ./AMap.bundle/images/select_@3x.png
copying file ./AMap.bundle/images/traffic_texture_blue.png ... 
1121 bytes for ./AMap.bundle/images/traffic_texture_blue.png
copying file ./AMap.bundle/images/traffic_texture_darkred.png ... 
2017-12-19 13:18:27 +0000  947 bytes for ./AMap.bundle/images/traffic_texture_darkred.png
copying file ./AMap.bundle/images/traffic_texture_gray.png ... 
2017-12-19 13:18:27 +0000  1049 bytes for ./AMap.bundle/images/traffic_texture_gray.png
copying file ./AMap.bundle/images/traffic_texture_green.png ... 
1065 bytes for ./AMap.bundle/images/traffic_texture_green.png
copying file ./AMap.bundle/images/traffic_texture_red.png ... 
1097 bytes for ./AMap.bundle/images/traffic_texture_red.png
copying file ./AMap.bundle/images/traffic_texture_yellow.png ... 
1076 bytes for ./AMap.bundle/images/traffic_texture_yellow.png
copying file ./AMap.bundle/offline/offlinePackage.plist ... 
2017-12-19 13:18:27 +0000  102476 bytes for ./AMap.bundle/offline/offlinePackage.plist
2017-12-19 13:18:27 +0000  copying file ./AppIcon20x20@2x.png ... 
2017-12-19 13:18:27 +0000  4895 bytes for ./AppIcon20x20@2x.png
copying file ./AppIcon20x20@3x.png ... 
2017-12-19 13:18:27 +0000  5768 bytes for ./AppIcon20x20@3x.png
copying file ./AppIcon29x29@2x.png ... 
2017-12-19 13:18:27 +0000  5805 bytes for ./AppIcon29x29@2x.png
copying file ./AppIcon29x29@3x.png ... 
2017-12-19 13:18:27 +0000  7184 bytes for ./AppIcon29x29@3x.png
copying file ./AppIcon40x40@2x.png ... 
7185 bytes for ./AppIcon40x40@2x.png
copying file ./AppIcon40x40@3x.png ... 
8077 bytes for ./AppIcon40x40@3x.png
copying file ./AppIcon60x60@2x.png ... 
8077 bytes for ./AppIcon60x60@2x.png
copying file ./AppIcon60x60@3x.png ... 
12161 bytes for ./AppIcon60x60@3x.png
copying file ./archived-expanded-entitlements.xcent ... 
246 bytes for ./archived-expanded-entitlements.xcent
copying file ./Assets.car ... 
2017-12-19 13:18:27 +0000  515256 bytes for ./Assets.car
copying file ./attrsLeftTableViewCell.nib ... 
2017-12-19 13:18:27 +0000  3834 bytes for ./attrsLeftTableViewCell.nib
2017-12-19 13:18:27 +0000  copying file ./attrsRightTableViewCell.nib ... 
2017-12-19 13:18:27 +0000  5337 bytes for ./attrsRightTableViewCell.nib
2017-12-19 13:18:27 +0000  copying file ./Base.lproj/LaunchScreen.storyboardc/01J-lp-oVM-view-Ze5-6b-2t3.nib ... 
2017-12-19 13:18:28 +0000  2706 bytes for ./Base.lproj/LaunchScreen.storyboardc/01J-lp-oVM-view-Ze5-6b-2t3.nib
copying file ./Base.lproj/LaunchScreen.storyboardc/Info.plist ... 
2017-12-19 13:18:28 +0000  258 bytes for ./Base.lproj/LaunchScreen.storyboardc/Info.plist
copying file ./Base.lproj/LaunchScreen.storyboardc/UIViewController-01J-lp-oVM.nib ... 
2017-12-19 13:18:28 +0000  832 bytes for ./Base.lproj/LaunchScreen.storyboardc/UIViewController-01J-lp-oVM.nib
2017-12-19 13:18:28 +0000  copying file ./Base.lproj/Main.storyboardc/BYZ-38-t0r-view-8bC-Xf-vdC.nib ... 
2017-12-19 13:18:28 +0000  1791 bytes for ./Base.lproj/Main.storyboardc/BYZ-38-t0r-view-8bC-Xf-vdC.nib
copying file ./Base.lproj/Main.storyboardc/Info.plist ... 
2017-12-19 13:18:28 +0000  258 bytes for ./Base.lproj/Main.storyboardc/Info.plist
copying file ./Base.lproj/Main.storyboardc/UIViewController-BYZ-38-t0r.nib ... 
2017-12-19 13:18:28 +0000  916 bytes for ./Base.lproj/Main.storyboardc/UIViewController-BYZ-38-t0r.nib
2017-12-19 13:18:28 +0000  copying file ./BPushCerResource.bundle/BPushVerisignroot.der ... 
2017-12-19 13:18:28 +0000  1239 bytes for ./BPushCerResource.bundle/BPushVerisignroot.der
copying file ./cashHistroy.nib ... 
2017-12-19 13:18:28 +0000  14399 bytes for ./cashHistroy.nib
copying file ./cashOrderView.nib ... 
2017-12-19 13:18:28 +0000  3301 bytes for ./cashOrderView.nib
copying file ./changePwdViewController.nib ... 
2017-12-19 13:18:28 +0000  6982 bytes for ./changePwdViewController.nib
copying file ./commentsTableViewCell.nib ... 
2017-12-19 13:18:28 +0000  7858 bytes for ./commentsTableViewCell.nib
copying file ./contractViewController.nib ... 
2017-12-19 13:18:28 +0000  4924 bytes for ./contractViewController.nib
2017-12-19 13:18:28 +0000  copying file ./embedded.mobileprovision ... 
7597 bytes for ./embedded.mobileprovision
2017-12-19 13:18:28 +0000  copying file ./goodsTableViewCell.nib ... 
2017-12-19 13:18:28 +0000  6144 bytes for ./goodsTableViewCell.nib
2017-12-19 13:18:28 +0000  copying file ./goodsTypeTableViewCell.nib ... 
2017-12-19 13:18:28 +0000  3183 bytes for ./goodsTypeTableViewCell.nib
copying file ./goodsView.nib ... 
2017-12-19 13:18:28 +0000  28016 bytes for ./goodsView.nib
copying file ./headerView.nib ... 
2017-12-19 13:18:28 +0000  5559 bytes for ./headerView.nib
2017-12-19 13:18:28 +0000  copying file ./imageLiaryCollectionViewCell.nib ... 
2017-12-19 13:18:28 +0000  2842 bytes for ./imageLiaryCollectionViewCell.nib
copying file ./Info.plist ... 
2017-12-19 13:18:28 +0000  1613 bytes for ./Info.plist
copying file ./keywordCollectionViewCell.nib ... 
2017-12-19 13:18:28 +0000  3882 bytes for ./keywordCollectionViewCell.nib
2017-12-19 13:18:28 +0000  copying file ./LoginViewController.nib ... 
2017-12-19 13:18:28 +0000  6073 bytes for ./LoginViewController.nib
copying file ./mangerPlist.plist ... 
543 bytes for ./mangerPlist.plist
copying file ./mangerView.nib ... 
21972 bytes for ./mangerView.nib
copying file ./MJRefresh.bundle/arrow@2x.png ... 
1033 bytes for ./MJRefresh.bundle/arrow@2x.png
copying file ./MJRefresh.bundle/en.lproj/Localizable.strings ... 
2017-12-19 13:18:28 +0000  1372 bytes for ./MJRefresh.bundle/en.lproj/Localizable.strings
2017-12-19 13:18:28 +0000  copying file ./MJRefresh.bundle/zh-Hans.lproj/Localizable.strings ... 
2017-12-19 13:18:28 +0000  1194 bytes for ./MJRefresh.bundle/zh-Hans.lproj/Localizable.strings
2017-12-19 13:18:28 +0000  copying file ./MJRefresh.bundle/zh-Hant.lproj/Localizable.strings ... 
2017-12-19 13:18:28 +0000  773 bytes for ./MJRefresh.bundle/zh-Hant.lproj/Localizable.strings
2017-12-19 13:18:28 +0000  copying file ./NetErrorViewController.nib ... 
2017-12-19 13:18:28 +0000  974 bytes for ./NetErrorViewController.nib
copying file ./openTimeViewController.nib ... 
2017-12-19 13:18:28 +0000  6779 bytes for ./openTimeViewController.nib
2017-12-19 13:18:28 +0000  copying file ./orderInfoDownView.nib ... 
2017-12-19 13:18:28 +0000  7601 bytes for ./orderInfoDownView.nib
copying file ./orderInfoUpView.nib ... 
2017-12-19 13:18:28 +0000  7750 bytes for ./orderInfoUpView.nib
copying file ./outtime.m4a ... 
2017-12-19 13:18:28 +0000  183147 bytes for ./outtime.m4a
copying file ./PkgInfo ... 
2017-12-19 13:18:28 +0000  8 bytes for ./PkgInfo
2017-12-19 13:18:28 +0000  copying file ./productView.nib ... 
2017-12-19 13:18:28 +0000  3840 bytes for ./productView.nib
copying file ./refund.m4a ... 
2017-12-19 13:18:28 +0000  151930 bytes for ./refund.m4a
copying file ./resViewController.nib ... 
2017-12-19 13:18:28 +0000  3524 bytes for ./resViewController.nib
copying file ./shopSettingsView.nib ... 
2017-12-19 13:18:28 +0000  27751 bytes for ./shopSettingsView.nib
2017-12-19 13:18:28 +0000  copying file ./sortTypeTableViewCell.nib ... 
2017-12-19 13:18:28 +0000  3952 bytes for ./sortTypeTableViewCell.nib
copying file ./sportManView.nib ... 
2017-12-19 13:18:28 +0000  4383 bytes for ./sportManView.nib
copying file ./take.m4a ... 
2017-12-19 13:18:28 +0000  181111 bytes for ./take.m4a
copying file ./test.caf ... 
2017-12-19 13:18:28 +0000  1060562 bytes for ./test.caf
copying file ./typeEditedViewController.nib ... 
2017-12-19 13:18:28 +0000  5757 bytes for ./typeEditedViewController.nib
2017-12-19 13:18:28 +0000  copying file ./UMSocialSDKPromptResources.bundle/en.lproj/UMSocialPromptLocalizable.strings ... 
2017-12-19 13:18:28 +0000  8304 bytes for ./UMSocialSDKPromptResources.bundle/en.lproj/UMSocialPromptLocalizable.strings
2017-12-19 13:18:28 +0000  copying file ./UMSocialSDKPromptResources.bundle/zh-Hans.lproj/UMSocialPromptLocalizable.strings ... 
2017-12-19 13:18:28 +0000  8304 bytes for ./UMSocialSDKPromptResources.bundle/zh-Hans.lproj/UMSocialPromptLocalizable.strings
2017-12-19 13:18:28 +0000  copying file ./同城享购商户版 ... 
2017-12-19 13:18:29 +0000  66694528 bytes for ./同城享购商户版
2017-12-19 13:18:29 +0000  2017-12-19 13:18:29 +0000  /usr/bin/ditto exited with 0

2017-12-19 13:18:29 +0000  
2017-12-19 13:18:29 +0000  
2017-12-19 13:18:29 +0000  Processing step: IDEDistributionEmbedProfileStep
2017-12-19 13:18:29 +0000  Processing step: IDEDistributionItemRemovalStep
2017-12-19 13:18:29 +0000  Processing step: IDEDistributionAppThinningPlistStep
2017-12-19 13:18:29 +0000  Skipping step: IDEDistributionAppThinningPlistStep because it said so
2017-12-19 13:18:29 +0000  Processing step: IDEDistributionCompileBitcodeStep
2017-12-19 13:18:29 +0000  Skipping step: IDEDistributionCompileBitcodeStep because it said so
2017-12-19 13:18:29 +0000  Processing step: IDEDistributionCodeSlimmingStep
2017-12-19 13:18:30 +0000  Processing step: IDEDistributionCopyBCSymbolMapsStep
2017-12-19 13:18:31 +0000  Running /usr/bin/ditto '-V' '/Users/hanxianwei/Library/Developer/Xcode/Archives/2017-12-19/同城享购商户版 2017-12-19 下午9.17.xcarchive/BCSymbolMaps/7871346E-CBB6-3DFB-86CA-F51951642442.bcsymbolmap' '/var/folders/vk/4rskl5094xd46tgfv2crxvyc0000gn/T/XcodeDistPipeline.OZ9/Root/BCSymbolMaps/7871346E-CBB6-3DFB-86CA-F51951642442.bcsymbolmap'
2017-12-19 13:18:31 +0000  >>> Copying /Users/hanxianwei/Library/Developer/Xcode/Archives/2017-12-19/同城享购商户版 2017-12-19 下午9.17.xcarchive/BCSymbolMaps/7871346E-CBB6-3DFB-86CA-F51951642442.bcsymbolmap 
2017-12-19 13:18:31 +0000  copying file ./7871346E-CBB6-3DFB-86CA-F51951642442.bcsymbolmap ... 
2017-12-19 13:18:31 +0000  1586048 bytes for ./7871346E-CBB6-3DFB-86CA-F51951642442.bcsymbolmap
2017-12-19 13:18:31 +0000  2017-12-19 13:18:31 +0000  /usr/bin/ditto exited with 0

2017-12-19 13:18:31 +0000  
2017-12-19 13:18:31 +0000  Running /usr/bin/ditto '-V' '/Users/hanxianwei/Library/Developer/Xcode/Archives/2017-12-19/同城享购商户版 2017-12-19 下午9.17.xcarchive/BCSymbolMaps/64B08A66-6D0E-373F-8ED2-D8C44677CFAE.bcsymbolmap' '/var/folders/vk/4rskl5094xd46tgfv2crxvyc0000gn/T/XcodeDistPipeline.OZ9/Root/BCSymbolMaps/64B08A66-6D0E-373F-8ED2-D8C44677CFAE.bcsymbolmap'
2017-12-19 13:18:31 +0000  >>> Copying /Users/hanxianwei/Library/Developer/Xcode/Archives/2017-12-19/同城享购商户版 2017-12-19 下午9.17.xcarchive/BCSymbolMaps/64B08A66-6D0E-373F-8ED2-D8C44677CFAE.bcsymbolmap 
2017-12-19 13:18:31 +0000  copying file ./64B08A66-6D0E-373F-8ED2-D8C44677CFAE.bcsymbolmap ... 
2017-12-19 13:18:31 +0000  1594543 bytes for ./64B08A66-6D0E-373F-8ED2-D8C44677CFAE.bcsymbolmap
2017-12-19 13:18:31 +0000  2017-12-19 13:18:31 +0000  /usr/bin/ditto exited with 0

2017-12-19 13:18:31 +0000  
2017-12-19 13:18:31 +0000  Processing step: IDEDistributionSymbolsStep
2017-12-19 13:18:31 +0000  Excluding symbols for 同城享购商户版.app
2017-12-19 13:18:31 +0000  Processing step: IDEDistributionCopyAppleProvidedContentStep
2017-12-19 13:18:31 +0000  Processing step: IDEDistributionAppThinningStep
2017-12-19 13:18:31 +0000  Skipping step: IDEDistributionAppThinningStep because it said so
2017-12-19 13:18:31 +0000  Processing step: IDEDistributionODRStep
2017-12-19 13:18:31 +0000  Processing step: IDEDistributionStripXattrsStep
2017-12-19 13:18:31 +0000  Running /usr/bin/xattr '-crs' '/var/folders/vk/4rskl5094xd46tgfv2crxvyc0000gn/T/XcodeDistPipeline.OZ9/Root/Payload/同城享购商户版.app'
2017-12-19 13:18:32 +0000  
2017-12-19 13:18:32 +0000  2017-12-19 13:18:32 +0000  /usr/bin/xattr exited with 0

2017-12-19 13:18:32 +0000  
2017-12-19 13:18:32 +0000  Processing step: IDEDistributionCodesignStep
2017-12-19 13:18:32 +0000  Applying entitlements delta for <IDEDistributionItem: 0x7fb521436330 'com.tongchengxianggou.shop' '<DVTFilePath:0x7fb51dc3ca20:'/Users/hanxianwei/Library/Developer/Xcode/Archives/2017-12-19/同城享购商户版 2017-12-19 下午9.17.xcarchive/Products/Applications/同城享购商户版.app'>'> from <IDEiCloudEntitlementsProcessor: 0x7fb520809fc0>: {
}
2017-12-19 13:18:32 +0000  Entitlements for <IDEDistributionItem: 0x7fb521436330 'com.tongchengxianggou.shop' '<DVTFilePath:0x7fb51dc3ca20:'/Users/hanxianwei/Library/Developer/Xcode/Archives/2017-12-19/同城享购商户版 2017-12-19 下午9.17.xcarchive/Products/Applications/同城享购商户版.app'>'>: {
    "application-identifier" = "LUH7Q7VWNM.com.tongchengxianggou.shop";
    "aps-environment" = production;
    "beta-reports-active" = 1;
    "com.apple.developer.team-identifier" = LUH7Q7VWNM;
    "get-task-allow" = 0;
}
2017-12-19 13:18:32 +0000  Writing entitlements for <IDEDistributionItem: 0x7fb521436330 'com.tongchengxianggou.shop' '<DVTFilePath:0x7fb51dc3ca20:'/Users/hanxianwei/Library/Developer/Xcode/Archives/2017-12-19/同城享购商户版 2017-12-19 下午9.17.xcarchive/Products/Applications/同城享购商户版.app'>'> to: /var/folders/vk/4rskl5094xd46tgfv2crxvyc0000gn/T/XcodeDistPipeline.OZ9/entitlementsJXkny0
2017-12-19 13:18:32 +0000  Running /usr/bin/codesign '-vvv' '--force' '--sign' '947D44EA09EB399C99D4B189DD07811C78C4DDCA' '--preserve-metadata=identifier,flags' '--entitlements' '/var/folders/vk/4rskl5094xd46tgfv2crxvyc0000gn/T/XcodeDistPipeline.OZ9/entitlementsJXkny0' '/var/folders/vk/4rskl5094xd46tgfv2crxvyc0000gn/T/XcodeDistPipeline.OZ9/Root/Payload/同城享购商户版.app'
2017-12-19 13:18:39 +0000  /var/folders/vk/4rskl5094xd46tgfv2crxvyc0000gn/T/XcodeDistPipeline.OZ9/Root/Payload/同城享购商户版.app: signed app bundle with Mach-O universal (armv7 arm64) [com.tongchengxianggou.shop]
2017-12-19 13:18:39 +0000  2017-12-19 13:18:39 +0000  /usr/bin/codesign exited with 0

2017-12-19 13:18:39 +0000  
2017-12-19 13:18:39 +0000  
2017-12-19 13:18:39 +0000  Processing step: IDEDistributionStreamingZipItemStep
2017-12-19 13:18:39 +0000  Skipping step: IDEDistributionStreamingZipItemStep because it said so
2017-12-19 13:18:40 +0000  Processing step: IDEDistributionCreateIPAStep
2017-12-19 13:18:40 +0000  Running /usr/bin/ditto '-V' '-c' '-k' '--norsrc' '/var/folders/vk/4rskl5094xd46tgfv2crxvyc0000gn/T/XcodeDistPipeline.OZ9/Root' '/var/folders/vk/4rskl5094xd46tgfv2crxvyc0000gn/T/XcodeDistPipeline.OZ9/Packages/同城享购商户版.ipa'
2017-12-19 13:18:40 +0000  >>> Copying /var/folders/vk/4rskl5094xd46tgfv2crxvyc0000gn/T/XcodeDistPipeline.OZ9/Root 
2017-12-19 13:18:40 +0000  copying file ./BCSymbolMaps/64B08A66-6D0E-373F-8ED2-D8C44677CFAE.bcsymbolmap ... 
1594543 bytes for ./BCSymbolMaps/64B08A66-6D0E-373F-8ED2-D8C44677CFAE.bcsymbolmap
copying file ./BCSymbolMaps/7871346E-CBB6-3DFB-86CA-F51951642442.bcsymbolmap ... 
2017-12-19 13:18:40 +0000  1586048 bytes for ./BCSymbolMaps/7871346E-CBB6-3DFB-86CA-F51951642442.bcsymbolmap
2017-12-19 13:18:40 +0000  copying file ./Payload/同城享购商户版.app/_CodeSignature/CodeResources ... 
63744 bytes for ./Payload/同城享购商户版.app/_CodeSignature/CodeResources
copying file ./Payload/同城享购商户版.app/activityTableViewCell.nib ... 
2017-12-19 13:18:40 +0000  8244 bytes for ./Payload/同城享购商户版.app/activityTableViewCell.nib
copying file ./Payload/同城享购商户版.app/activityView.nib ... 
2017-12-19 13:18:40 +0000  13359 bytes for ./Payload/同城享购商户版.app/activityView.nib
copying file ./Payload/同城享购商户版.app/addAttrsTypeViewController.nib ... 
4741 bytes for ./Payload/同城享购商户版.app/addAttrsTypeViewController.nib
copying file ./Payload/同城享购商户版.app/addValsViewController.nib ... 
7582 bytes for ./Payload/同城享购商户版.app/addValsViewController.nib
copying file ./Payload/同城享购商户版.app/advViewController.nib ... 
3193 bytes for ./Payload/同城享购商户版.app/advViewController.nib
copying file ./Payload/同城享购商户版.app/AMap.bundle/AMap3D.bundle/3d_sky_day.data ... 
44612 bytes for ./Payload/同城享购商户版.app/AMap.bundle/AMap3D.bundle/3d_sky_day.data
copying file ./Payload/同城享购商户版.app/AMap.bundle/AMap3D.bundle/3d_sky_night.data ... 
51008 bytes for ./Payload/同城享购商户版.app/AMap.bundle/AMap3D.bundle/3d_sky_night.data
copying file ./Payload/同城享购商户版.app/AMap.bundle/AMap3D.bundle/3dlandscape.xml ... 
3890 bytes for ./Payload/同城享购商户版.app/AMap.bundle/AMap3D.bundle/3dlandscape.xml
copying file ./Payload/同城享购商户版.app/AMap.bundle/AMap3D.bundle/3dportrait.xml ... 
3890 bytes for ./Payload/同城享购商户版.app/AMap.bundle/AMap3D.bundle/3dportrait.xml
copying file ./Payload/同城享购商户版.app/AMap.bundle/AMap3D.bundle/bktile.data ... 
151 bytes for ./Payload/同城享购商户版.app/AMap.bundle/AMap3D.bundle/bktile.data
copying file ./Payload/同城享购商户版.app/AMap.bundle/AMap3D.bundle/bktile_n.data ... 
145 bytes for ./Payload/同城享购商户版.app/AMap.bundle/AMap3D.bundle/bktile_n.data
copying file ./Payload/同城享购商户版.app/AMap.bundle/AMap3D.bundle/building.data ... 
996 bytes for ./Payload/同城享购商户版.app/AMap.bundle/AMap3D.bundle/building.data
copying file ./Payload/同城享购商户版.app/AMap.bundle/AMap3D.bundle/config_1_1_1470722888.data ... 
10442 bytes for ./Payload/同城享购商户版.app/AMap.bundle/AMap3D.bundle/config_1_1_1470722888.data
copying file ./Payload/同城享购商户版.app/AMap.bundle/AMap3D.bundle/config_2_1_1470363686.data ... 
640 bytes for ./Payload/同城享购商户版.app/AMap.bundle/AMap3D.bundle/config_2_1_1470363686.data
copying file ./Payload/同城享购商户版.app/AMap.bundle/AMap3D.bundle/dash.data ... 
21896 bytes for ./Payload/同城享购商户版.app/AMap.bundle/AMap3D.bundle/dash.data
copying file ./Payload/同城享购商户版.app/AMap.bundle/AMap3D.bundle/dash_cd.data ... 
21896 bytes for ./Payload/同城享购商户版.app/AMap.bundle/AMap3D.bundle/dash_cd.data
copying file ./Payload/同城享购商户版.app/AMap.bundle/AMap3D.bundle/dash_tq.data ... 
21896 bytes for ./Payload/同城享购商户版.app/AMap.bundle/AMap3D.bundle/dash_tq.data
copying file ./Payload/同城享购商户版.app/AMap.bundle/AMap3D.bundle/icons_11_12_1488521704.data ... 
7611 bytes for ./Payload/同城享购商户版.app/AMap.bundle/AMap3D.bundle/icons_11_12_1488521704.data
copying file ./Payload/同城享购商户版.app/AMap.bundle/AMap3D.bundle/icons_1_12_1498048291.data ... 
132631 bytes for ./Payload/同城享购商户版.app/AMap.bundle/AMap3D.bundle/icons_1_12_1498048291.data
copying file ./Payload/同城享购商户版.app/AMap.bundle/AMap3D.bundle/icons_26_10_1476066932.data ... 
2017-12-19 13:18:40 +0000  111275 bytes for ./Payload/同城享购商户版.app/AMap.bundle/AMap3D.bundle/icons_26_10_1476066932.data
copying file ./Payload/同城享购商户版.app/AMap.bundle/AMap3D.bundle/icons_27_10_1475031813.data ... 
130110 bytes for ./Payload/同城享购商户版.app/AMap.bundle/AMap3D.bundle/icons_27_10_1475031813.data
copying file ./Payload/同城享购商户版.app/AMap.bundle/AMap3D.bundle/icons_2_12_1498048312.data ... 
134076 bytes for ./Payload/同城享购商户版.app/AMap.bundle/AMap3D.bundle/icons_2_12_1498048312.data
copying file ./Payload/同城享购商户版.app/AMap.bundle/AMap3D.bundle/icons_3_12_1498048330.data ... 
132653 bytes for ./Payload/同城享购商户版.app/AMap.bundle/AMap3D.bundle/icons_3_12_1498048330.data
copying file ./Payload/同城享购商户版.app/AMap.bundle/AMap3D.bundle/icons_4_12_1488521409.data ... 
168738 bytes for ./Payload/同城享购商户版.app/AMap.bundle/AMap3D.bundle/icons_4_12_1488521409.data
copying file ./Payload/同城享购商户版.app/AMap.bundle/AMap3D.bundle/icons_50_10_1470645645.data ... 
84376 bytes for ./Payload/同城享购商户版.app/AMap.bundle/AMap3D.bundle/icons_50_10_1470645645.data
copying file ./Payload/同城享购商户版.app/AMap.bundle/AMap3D.bundle/icons_5_12_1488354051.data ... 
8863 bytes for ./Payload/同城享购商户版.app/AMap.bundle/AMap3D.bundle/icons_5_12_1488354051.data
copying file ./Payload/同城享购商户版.app/AMap.bundle/AMap3D.bundle/icons_6_12_1497253591.data ... 
2017-12-19 13:18:40 +0000  59442 bytes for ./Payload/同城享购商户版.app/AMap.bundle/AMap3D.bundle/icons_6_12_1497253591.data
copying file ./Payload/同城享购商户版.app/AMap.bundle/AMap3D.bundle/icons_7_12_1497253551.data ... 
78867 bytes for ./Payload/同城享购商户版.app/AMap.bundle/AMap3D.bundle/icons_7_12_1497253551.data
copying file ./Payload/同城享购商户版.app/AMap.bundle/AMap3D.bundle/icons_8_12_1498048348.data ... 
132631 bytes for ./Payload/同城享购商户版.app/AMap.bundle/AMap3D.bundle/icons_8_12_1498048348.data
copying file ./Payload/同城享购商户版.app/AMap.bundle/AMap3D.bundle/icons_9_10_1476066932.data ... 
129883 bytes for ./Payload/同城享购商户版.app/AMap.bundle/AMap3D.bundle/icons_9_10_1476066932.data
copying file ./Payload/同城享购商户版.app/AMap.bundle/AMap3D.bundle/lineround.data ... 
10974 bytes for ./Payload/同城享购商户版.app/AMap.bundle/AMap3D.bundle/lineround.data
copying file ./Payload/同城享购商户版.app/AMap.bundle/AMap3D.bundle/roadarrow.data ... 
43824 bytes for ./Payload/同城享购商户版.app/AMap.bundle/AMap3D.bundle/roadarrow.data
copying file ./Payload/同城享购商户版.app/AMap.bundle/AMap3D.bundle/search_scenic_icon.data ... 
42623 bytes for ./Payload/同城享购商户版.app/AMap.bundle/AMap3D.bundle/search_scenic_icon.data
copying file ./Payload/同城享购商户版.app/AMap.bundle/AMap3D.bundle/style_100_10_1497254453.data ... 
3039 bytes for ./Payload/同城享购商户版.app/AMap.bundle/AMap3D.bundle/style_100_10_1497254453.data
copying file ./Payload/同城享购商户版.app/AMap.bundle/AMap3D.bundle/style_10_10_1472718686.data ... 
6717 bytes for ./Payload/同城享购商户版.app/AMap.bundle/AMap3D.bundle/style_10_10_1472718686.data
copying file ./Payload/同城享购商户版.app/AMap.bundle/AMap3D.bundle/style_12_10_1467006104.data ... 
13348 bytes for ./Payload/同城享购商户版.app/AMap.bundle/AMap3D.bundle/style_12_10_1467006104.data
copying file ./Payload/同城享购商户版.app/AMap.bundle/AMap3D.bundle/style_13_10_1497252546.data ... 
2017-12-19 13:18:40 +0000  9614 bytes for ./Payload/同城享购商户版.app/AMap.bundle/AMap3D.bundle/style_13_10_1497252546.data
copying file ./Payload/同城享购商户版.app/AMap.bundle/AMap3D.bundle/style_14_10_1497252572.data ... 
2017-12-19 13:18:40 +0000  12646 bytes for ./Payload/同城享购商户版.app/AMap.bundle/AMap3D.bundle/style_14_10_1497252572.data
copying file ./Payload/同城享购商户版.app/AMap.bundle/AMap3D.bundle/style_15_10_1497583771.data ... 
16335 bytes for ./Payload/同城享购商户版.app/AMap.bundle/AMap3D.bundle/style_15_10_1497583771.data
copying file ./Payload/同城享购商户版.app/AMap.bundle/AMap3D.bundle/style_17_10_1488360312.data ... 
43 bytes for ./Payload/同城享购商户版.app/AMap.bundle/AMap3D.bundle/style_17_10_1488360312.data
copying file ./Payload/同城享购商户版.app/AMap.bundle/AMap3D.bundle/style_1_10_1498047646.data ... 
16763 bytes for ./Payload/同城享购商户版.app/AMap.bundle/AMap3D.bundle/style_1_10_1498047646.data
copying file ./Payload/同城享购商户版.app/AMap.bundle/AMap3D.bundle/style_30_10_1498047712.data ... 
17299 bytes for ./Payload/同城享购商户版.app/AMap.bundle/AMap3D.bundle/style_30_10_1498047712.data
copying file ./Payload/同城享购商户版.app/AMap.bundle/AMap3D.bundle/style_31_10_1498047749.data ... 
17251 bytes for ./Payload/同城享购商户版.app/AMap.bundle/AMap3D.bundle/style_31_10_1498047749.data
copying file ./Payload/同城享购商户版.app/AMap.bundle/AMap3D.bundle/style_32_10_1498047781.data ... 
17198 bytes for ./Payload/同城享购商户版.app/AMap.bundle/AMap3D.bundle/style_32_10_1498047781.data
copying file ./Payload/同城享购商户版.app/AMap.bundle/AMap3D.bundle/style_33_10_1498047815.data ... 
17395 bytes for ./Payload/同城享购商户版.app/AMap.bundle/AMap3D.bundle/style_33_10_1498047815.data
copying file ./Payload/同城享购商户版.app/AMap.bundle/AMap3D.bundle/style_3_10_1497252336.data ... 
13059 bytes for ./Payload/同城享购商户版.app/AMap.bundle/AMap3D.bundle/style_3_10_1497252336.data
copying file ./Payload/同城享购商户版.app/AMap.bundle/AMap3D.bundle/style_4_10_1498463093.data ... 
7504 bytes for ./Payload/同城享购商户版.app/AMap.bundle/AMap3D.bundle/style_4_10_1498463093.data
copying file ./Payload/同城享购商户版.app/AMap.bundle/AMap3D.bundle/style_50_10_1470645645.data ... 
1347 bytes for ./Payload/同城享购商户版.app/AMap.bundle/AMap3D.bundle/style_50_10_1470645645.data
copying file ./Payload/同城享购商户版.app/AMap.bundle/AMap3D.bundle/style_5_10_1498463124.data ... 
7369 bytes for ./Payload/同城享购商户版.app/AMap.bundle/AMap3D.bundle/style_5_10_1498463124.data
copying file ./Payload/同城享购商户版.app/AMap.bundle/AMap3D.bundle/style_6_10_1497252523.data ... 
13101 bytes for ./Payload/同城享购商户版.app/AMap.bundle/AMap3D.bundle/style_6_10_1497252523.data
copying file ./Payload/同城享购商户版.app/AMap.bundle/AMap3D.bundle/style_8_10_1497252659.data ... 
9424 bytes for ./Payload/同城享购商户版.app/AMap.bundle/AMap3D.bundle/style_8_10_1497252659.data
copying file ./Payload/同城享购商户版.app/AMap.bundle/AMap3D.bundle/tbl.data ... 
21896 bytes for ./Payload/同城享购商户版.app/AMap.bundle/AMap3D.bundle/tbl.data
copying file ./Payload/同城享购商户版.app/AMap.bundle/AMap3D.bundle/tbl_l.data ... 
21896 bytes for ./Payload/同城享购商户版.app/AMap.bundle/AMap3D.bundle/tbl_l.data
copying file ./Payload/同城享购商户版.app/AMap.bundle/AMap3D.bundle/tbl_n.data ... 
21896 bytes for ./Payload/同城享购商户版.app/AMap.bundle/AMap3D.bundle/tbl_n.data
copying file ./Payload/同城享购商户版.app/AMap.bundle/AMap3D.bundle/tgl.data ... 
21896 bytes for ./Payload/同城享购商户版.app/AMap.bundle/AMap3D.bundle/tgl.data
copying file ./Payload/同城享购商户版.app/AMap.bundle/AMap3D.bundle/tgl_l.data ... 
21896 bytes for ./Payload/同城享购商户版.app/AMap.bundle/AMap3D.bundle/tgl_l.data
copying file ./Payload/同城享购商户版.app/AMap.bundle/AMap3D.bundle/tgl_n.data ... 
21896 bytes for ./Payload/同城享购商户版.app/AMap.bundle/AMap3D.bundle/tgl_n.data
copying file ./Payload/同城享购商户版.app/AMap.bundle/AMap3D.bundle/tmc_blind_amble.data ... 
21896 bytes for ./Payload/同城享购商户版.app/AM
2017-12-19 13:18:40 +0000  ap.bundle/AMap3D.bundle/tmc_blind_amble.data
copying file ./Payload/同城享购商户版.app/AMap.bundle/AMap3D.bundle/tmc_blind_congestion.data ... 
21896 bytes for ./Payload/同城享购商户版.app/AMap.bundle/AMap3D.bundle/tmc_blind_congestion.data
copying file ./Payload/同城享购商户版.app/AMap.bundle/AMap3D.bundle/tmc_blind_null.data ... 
21896 bytes for ./Payload/同城享购商户版.app/AMap.bundle/AMap3D.bundle/tmc_blind_null.data
copying file ./Payload/同城享购商户版.app/AMap.bundle/AMap3D.bundle/tmc_blind_severe_congestion.data ... 
21896 bytes for ./Payload/同城享购商户版.app/AMap.bundle/AMap3D.bundle/tmc_blind_severe_congestion.data
copying file ./Payload/同城享购商户版.app/AMap.bundle/AMap3D.bundle/tmc_blind_smoothly.data ... 
21896 bytes for ./Payload/同城享购商户版.app/AMap.bundle/AMap3D.bundle/tmc_blind_smoothly.data
copying file ./Payload/同城享购商户版.app/AMap.bundle/AMap3D.bundle/tnl.data ... 
21896 bytes for ./Payload/同城享购商户版.app/AMap.bundle/AMap3D.bundle/tnl.data
copying file ./Payload/同城享购商户版.app/AMap.bundle/AMap3D.bundle/tnl_l.data ... 
21896 bytes for ./Payload/同城享购商户版.app/AMap.bundle/AMap3D.bundle/tnl_l.data
copying file ./Payload/同城享购商户版.app/AMap.bundle/AMap3D.bundle/tnl_n.data ... 
21896 bytes for ./Payload/同城享购商户版.app/AMap.bundle/AMap3D.bundle/tnl_n.data
copying file ./Payload/同城享购商户版.app/AMap.bundle/AMap3D.bundle/trl.data ... 
21896 bytes for ./Payload/同城享购商户版.app/AMap.bundle/AMap3D.bundle/trl.data
copying file ./Payload/同城享购商户版.app/AMap.bundle/AMap3D.bundle/trl_l.data ... 
21896 bytes for ./Payload/同城享购商户版.app/AMap.bundle/AMap3D.bundle/trl_l.data
copying file ./Payload/同城享购商户版.app/AMap.bundle/AMap3D.bundle/trl_n.data ... 
21896 bytes for ./Payload/同城享购商户版.app/AMap.bundle/AMap3D.bundle/trl_n.data
copying file ./Payload/同城享购商户版.app/AMap.bundle/AMap3D.bundle/tyl.data ... 
21896 bytes for ./Payload/同城享购商户版.app/AMap.bundle/AMap3D.bundle/tyl.data
copying file ./Payload/同城享购商户版.app/AMap.bundle/AMap3D.bundle/tyl_l.data ... 
21896 bytes for ./Payload/同城享购商户版.app/AMap.bundle/AMap3D.bundle/tyl_l.data
copying file ./Payload/同城享购商户版.app/AMap.bundle/AMap3D.bundle/tyl_n.data ... 
21896 bytes for ./Payload/同城享购商户版.app/AMap.bundle/AMap3D.bundle/tyl_n.data
copying file ./Payload/同城享购商户版.app/AMap.bundle/AMap3D.bundle/VM3DRes/cross_bg.png ... 
1101 bytes for ./Payload/同城享购商户版.app/AMap.bundle/AMap3D.bundle/VM3DRes/cross_bg.png
copying file ./Payload/同城享购商户版.app/AMap.bundle/AMap3D.bundle/VM3DRes/cross_bg_day.png ... 
86 bytes for ./Payload/同城享购商户版.app/AMap.bundle/AMap3D.bundle/VM3DRes/cross_bg_day.png
copying file ./Payload/同城享购商户版.app/AMap.bundle/AMap3D.bundle/VM3DRes/cross_bg_night.png ... 
14612 bytes for ./Payload/同城享购商户版.app/AMap.bundle/AMap3D.bundle/VM3DRes/cross_bg_night.png
copying file ./Payload/同城享购商户版.app/AMap.bundle/AMap3D.bundle/VM3DRes/d_yellow.png ... 
2901 bytes for ./Payload/同城享购商户版.app/AMap.bundle/AMap3D.bundle/VM3DRes/d_yellow.png
copying file ./Payload/同城享购商户版.app/AMap.bundle/AMap3D.bundle/VM3DRes/d_yellow_day.png ... 
2901 bytes for ./Payload/同城享购商户版.app/AMap.bundle/AMap3D.bundle/VM3DRes/d_yellow_day.png
copying file ./Payload/同城享购商户版.app/AMap.bundle/AMap3D.bundle/VM3DRes/d_yellow_night.png ... 
2901 bytes for ./Payload/同城享购商户版.app/AMap.bundle/AMap3D.bundle/VM3DRes/d_yellow_night.png
copying file ./Payload/同城享购商户版.app/AMap.bundle/AMap3D.bundle/VM3DRes/grass_day.png ... 
86 bytes for ./Payload/同城享购商户版.app/AMap.bundle/AMap3D.bundle/VM3DRes/grass_day.png
copying file ./Payload/同城享购商户版.app/AMap.bundle/AMap3D.bundle/VM3DRes/grass_night.png ... 
86 bytes for ./Payload/同城享购商户版.app/AMap.bundle/AMap3D.b
2017-12-19 13:18:40 +0000  undle/VM3DRes/grass_night.png
copying file ./Payload/同城享购商户版.app/AMap.bundle/AMap3D.bundle/VM3DRes/road_bottom.png ... 
86 bytes for ./Payload/同城享购商户版.app/AMap.bundle/AMap3D.bundle/VM3DRes/road_bottom.png
copying file ./Payload/同城享购商户版.app/AMap.bundle/AMap3D.bundle/VM3DRes/road_bottom_day.png ... 
86 bytes for ./Payload/同城享购商户版.app/AMap.bundle/AMap3D.bundle/VM3DRes/road_bottom_day.png
copying file ./Payload/同城享购商户版.app/AMap.bundle/AMap3D.bundle/VM3DRes/road_bottom_night.png ... 
86 bytes for ./Payload/同城享购商户版.app/AMap.bundle/AMap3D.bundle/VM3DRes/road_bottom_night.png
copying file ./Payload/同城享购商户版.app/AMap.bundle/AMap3D.bundle/VM3DRes/roadbk_main.png ... 
86 bytes for ./Payload/同城享购商户版.app/AMap.bundle/AMap3D.bundle/VM3DRes/roadbk_main.png
copying file ./Payload/同城享购商户版.app/AMap.bundle/AMap3D.bundle/VM3DRes/roadbk_main_day.png ... 
86 bytes for ./Payload/同城享购商户版.app/AMap.bundle/AMap3D.bundle/VM3DRes/roadbk_main_day.png
copying file ./Payload/同城享购商户版.app/AMap.bundle/AMap3D.bundle/VM3DRes/roadbk_main_night.png ... 
86 bytes for ./Payload/同城享购商户版.app/AMap.bundle/AMap3D.bundle/VM3DRes/roadbk_main_night.png
copying file ./Payload/同城享购商户版.app/AMap.bundle/AMap3D.bundle/waterline.data ... 
2849 bytes for ./Payload/同城享购商户版.app/AMap.bundle/AMap3D.bundle/waterline.data
copying file ./Payload/同城享购商户版.app/AMap.bundle/Bundle3D.plist ... 
2046 bytes for ./Payload/同城享购商户版.app/AMap.bundle/Bundle3D.plist
copying file ./Payload/同城享购商户版.app/AMap.bundle/images/arrow_line_inner.png ... 
316 bytes for ./Payload/同城享购商户版.app/AMap.bundle/images/arrow_line_inner.png
copying file ./Payload/同城享购商户版.app/AMap.bundle/images/calloutArrowMask.png ... 
323 bytes for ./Payload/同城享购商户版.app/AMap.bundle/images/calloutArrowMask.png
copying file ./Payload/同城享购商户版.app/AMap.bundle/images/calloutArrowMask@2x.png ... 
572 bytes for ./Payload/同城享购商户版.app/AMap.bundle/images/calloutArrowMask@2x.png
copying file ./Payload/同城享购商户版.app/AMap.bundle/images/greenPin.png ... 
988 bytes for ./Payload/同城享购商户版.app/AMap.bundle/images/greenPin.png
copying file ./Payload/同城享购商户版.app/AMap.bundle/images/greenPin@2x.png ... 
1893 bytes for ./Payload/同城享购商户版.app/AMap.bundle/images/greenPin@2x.png
copying file ./Payload/同城享购商户版.app/AMap.bundle/images/greenPin@3x.png ... 
2844 bytes for ./Payload/同城享购商户版.app/AMap.bundle/images/greenPin@3x.png
copying file ./Payload/同城享购商户版.app/AMap.bundle/images/greenPin_lift.png ... 
425 bytes for ./Payload/同城享购商户版.app/AMap.bundle/images/greenPin_lift.png
copying file ./Payload/同城享购商户版.app/AMap.bundle/images/greenPin_lift@2x.png ... 
960 bytes for ./Payload/同城享购商户版.app/AMap.bundle/images/greenPin_lift@2x.png
copying file ./Payload/同城享购商户版.app/AMap.bundle/images/greenPin_lift@3x.png ... 
1401 bytes for ./Payload/同城享购商户版.app/AMap.bundle/images/greenPin_lift@3x.png
copying file ./Payload/同城享购商户版.app/AMap.bundle/images/lineDashTexture.png ... 
194 bytes for ./Payload/同城享购商户版.app/AMap.bundle/images/lineDashTexture.png
copying file ./Payload/同城享购商户版.app/AMap.bundle/images/lineDashTextureDot.png ... 
946 bytes for ./Payload/同城享购商户版.app/AMap.bundle/images/lineDashTextureDot.png
copying file ./Payload/同城享购商户版.app/AMap.bundle/images/lineDashTextureThin.png ... 
224 bytes for ./Payload/同城享购商户版.app/AMap.bundle/images/lineDashTextureThin.png
copying file ./Payload/同城享购商户版.app/AMap.bundle/images/lineTexture.png ... 
2830 bytes for ./Payload/同城享购商户版.app/AMap.bundle/images/lineTexture.png
copying file ./Payload/同城享购商户版.app/AMap.bundle/images/lineTextureThin.png ... 
243 bytes f
2017-12-19 13:18:40 +0000  or ./Payload/同城享购商户版.app/AMap.bundle/images/lineTextureThin.png
copying file ./Payload/同城享购商户版.app/AMap.bundle/images/marker_blue.png ... 
1972 bytes for ./Payload/同城享购商户版.app/AMap.bundle/images/marker_blue.png
copying file ./Payload/同城享购商户版.app/AMap.bundle/images/marker_blue@2x.png ... 
2547 bytes for ./Payload/同城享购商户版.app/AMap.bundle/images/marker_blue@2x.png
copying file ./Payload/同城享购商户版.app/AMap.bundle/images/pin_shadow.png ... 
609 bytes for ./Payload/同城享购商户版.app/AMap.bundle/images/pin_shadow.png
copying file ./Payload/同城享购商户版.app/AMap.bundle/images/pin_shadow@2x.png ... 
1155 bytes for ./Payload/同城享购商户版.app/AMap.bundle/images/pin_shadow@2x.png
copying file ./Payload/同城享购商户版.app/AMap.bundle/images/pin_shadow@3x.png ... 
1817 bytes for ./Payload/同城享购商户版.app/AMap.bundle/images/pin_shadow@3x.png
copying file ./Payload/同城享购商户版.app/AMap.bundle/images/purplePin.png ... 
988 bytes for ./Payload/同城享购商户版.app/AMap.bundle/images/purplePin.png
copying file ./Payload/同城享购商户版.app/AMap.bundle/images/purplePin@2x.png ... 
1873 bytes for ./Payload/同城享购商户版.app/AMap.bundle/images/purplePin@2x.png
copying file ./Payload/同城享购商户版.app/AMap.bundle/images/purplePin@3x.png ... 
2844 bytes for ./Payload/同城享购商户版.app/AMap.bundle/images/purplePin@3x.png
copying file ./Payload/同城享购商户版.app/AMap.bundle/images/purplePin_lift.png ... 
418 bytes for ./Payload/同城享购商户版.app/AMap.bundle/images/purplePin_lift.png
copying file ./Payload/同城享购商户版.app/AMap.bundle/images/purplePin_lift@2x.png ... 
960 bytes for ./Payload/同城享购商户版.app/AMap.bundle/images/purplePin_lift@2x.png
copying file ./Payload/同城享购商户版.app/AMap.bundle/images/purplePin_lift@3x.png ... 
1406 bytes for ./Payload/同城享购商户版.app/AMap.bundle/images/purplePin_lift@3x.png
copying file ./Payload/同城享购商户版.app/AMap.bundle/images/redPin.png ... 
986 bytes for ./Payload/同城享购商户版.app/AMap.bundle/images/redPin.png
copying file ./Payload/同城享购商户版.app/AMap.bundle/images/redPin@2x.png ... 
1878 bytes for ./Payload/同城享购商户版.app/AMap.bundle/images/redPin@2x.png
copying file ./Payload/同城享购商户版.app/AMap.bundle/images/redPin@3x.png ... 
2848 bytes for ./Payload/同城享购商户版.app/AMap.bundle/images/redPin@3x.png
copying file ./Payload/同城享购商户版.app/AMap.bundle/images/redPin_lift.png ... 
418 bytes for ./Payload/同城享购商户版.app/AMap.bundle/images/redPin_lift.png
copying file ./Payload/同城享购商户版.app/AMap.bundle/images/redPin_lift@2x.png ... 
955 bytes for ./Payload/同城享购商户版.app/AMap.bundle/images/redPin_lift@2x.png
copying file ./Payload/同城享购商户版.app/AMap.bundle/images/redPin_lift@3x.png ... 
1405 bytes for ./Payload/同城享购商户版.app/AMap.bundle/images/redPin_lift@3x.png
copying file ./Payload/同城享购商户版.app/AMap.bundle/images/select_.png ... 
1082 bytes for ./Payload/同城享购商户版.app/AMap.bundle/images/select_.png
copying file ./Payload/同城享购商户版.app/AMap.bundle/images/select_@2x.png ... 
1082 bytes for ./Payload/同城享购商户版.app/AMap.bundle/images/select_@2x.png
copying file ./Payload/同城享购商户版.app/AMap.bundle/images/select_@3x.png ... 
2162 bytes for ./Payload/同城享购商户版.app/AMap.bundle/images/select_@3x.png
copying file ./Payload/同城享购商户版.app/AMap.bundle/images/traffic_texture_blue.png ... 
1121 bytes for ./Payload/同城享购商户版.app/AMap.bundle/images/traffic_texture_blue.png
copying file ./Payload/同城享购商户版.app/AMap.bundle/images/traffic_texture_darkred.png ... 
947 bytes for ./Payload/同城享购商户版.app/AMap.bundle/images/traffic_texture_darkred.png
copying file ./Payload/同城享购商户版.app/AMap.bundle/images/traffic_texture_gray.png ... 
1049 bytes f
2017-12-19 13:18:40 +0000  or ./Payload/同城享购商户版.app/AMap.bundle/images/traffic_texture_gray.png
copying file ./Payload/同城享购商户版.app/AMap.bundle/images/traffic_texture_green.png ... 
1065 bytes for ./Payload/同城享购商户版.app/AMap.bundle/images/traffic_texture_green.png
copying file ./Payload/同城享购商户版.app/AMap.bundle/images/traffic_texture_red.png ... 
1097 bytes for ./Payload/同城享购商户版.app/AMap.bundle/images/traffic_texture_red.png
copying file ./Payload/同城享购商户版.app/AMap.bundle/images/traffic_texture_yellow.png ... 
1076 bytes for ./Payload/同城享购商户版.app/AMap.bundle/images/traffic_texture_yellow.png
copying file ./Payload/同城享购商户版.app/AMap.bundle/offline/offlinePackage.plist ... 
102476 bytes for ./Payload/同城享购商户版.app/AMap.bundle/offline/offlinePackage.plist
copying file ./Payload/同城享购商户版.app/AppIcon20x20@2x.png ... 
4895 bytes for ./Payload/同城享购商户版.app/AppIcon20x20@2x.png
copying file ./Payload/同城享购商户版.app/AppIcon20x20@3x.png ... 
5768 bytes for ./Payload/同城享购商户版.app/AppIcon20x20@3x.png
copying file ./Payload/同城享购商户版.app/AppIcon29x29@2x.png ... 
5805 bytes for ./Payload/同城享购商户版.app/AppIcon29x29@2x.png
copying file ./Payload/同城享购商户版.app/AppIcon29x29@3x.png ... 
7184 bytes for ./Payload/同城享购商户版.app/AppIcon29x29@3x.png
copying file ./Payload/同城享购商户版.app/AppIcon40x40@2x.png ... 
7185 bytes for ./Payload/同城享购商户版.app/AppIcon40x40@2x.png
copying file ./Payload/同城享购商户版.app/AppIcon40x40@3x.png ... 
8077 bytes for ./Payload/同城享购商户版.app/AppIcon40x40@3x.png
copying file ./Payload/同城享购商户版.app/AppIcon60x60@2x.png ... 
8077 bytes for ./Payload/同城享购商户版.app/AppIcon60x60@2x.png
copying file ./Payload/同城享购商户版.app/AppIcon60x60@3x.png ... 
12161 bytes for ./Payload/同城享购商户版.app/AppIcon60x60@3x.png
copying file ./Payload/同城享购商户版.app/archived-expanded-entitlements.xcent ... 
246 bytes for ./Payload/同城享购商户版.app/archived-expanded-entitlements.xcent
copying file ./Payload/同城享购商户版.app/Assets.car ... 
515256 bytes for ./Payload/同城享购商户版.app/Assets.car
copying file ./Payload/同城享购商户版.app/attrsLeftTableViewCell.nib ... 
3834 bytes for ./Payload/同城享购商户版.app/attrsLeftTableViewCell.nib
copying file ./Payload/同城享购商户版.app/attrsRightTableViewCell.nib ... 
5337 bytes for ./Payload/同城享购商户版.app/attrsRightTableViewCell.nib
copying file ./Payload/同城享购商户版.app/Base.lproj/LaunchScreen.storyboardc/01J-lp-oVM-view-Ze5-6b-2t3.nib ... 
2706 bytes for ./Payload/同城享购商户版.app/Base.lproj/LaunchScreen.storyboardc/01J-lp-oVM-view-Ze5-6b-2t3.nib
copying file ./Payload/同城享购商户版.app/Base.lproj/LaunchScreen.storyboardc/Info.plist ... 
258 bytes for ./Payload/同城享购商户版.app/Base.lproj/LaunchScreen.storyboardc/Info.plist
copying file ./Payload/同城享购商户版.app/Base.lproj/LaunchScreen.storyboardc/UIViewController-01J-lp-oVM.nib ... 
832 bytes for ./Payload/同城享购商户版.app/Base.lproj/LaunchScreen.storyboardc/UIViewController-01J-lp-oVM.nib
copying file ./Payload/同城享购商户版.app/Base.lproj/Main.storyboardc/BYZ-38-t0r-view-8bC-Xf-vdC.nib ... 
1791 bytes for ./Payload/同城享购商户版.app/Base.lproj/Main.storyboardc/BYZ-38-t0r-view-8bC-Xf-vdC.nib
copying file ./Payload/同城享购商户版.app/Base.lproj/Main.storyboardc/Info.plist ... 
258 bytes for ./Payload/同城享购商户版.app/Base.lproj/Main.storyboardc/Info.plist
copying file ./Payload/同城享购商户版.app/Base.lproj/Main.storyboardc/UIViewController-BYZ-38-t0r.nib ... 
916 bytes for ./Payload/同城享购商户版.app/Base.lproj/Main.storyboardc/UIViewController-BYZ-38-t0r.nib
copying file ./Payload/同城享购商户版.app/BPushCerResource.bundle/BPushVerisignroot.der ... 
1239 bytes for ./Payload/同城享购商户版.
2017-12-19 13:18:40 +0000  app/BPushCerResource.bundle/BPushVerisignroot.der
copying file ./Payload/同城享购商户版.app/cashHistroy.nib ... 
14399 bytes for ./Payload/同城享购商户版.app/cashHistroy.nib
copying file ./Payload/同城享购商户版.app/cashOrderView.nib ... 
3301 bytes for ./Payload/同城享购商户版.app/cashOrderView.nib
copying file ./Payload/同城享购商户版.app/changePwdViewController.nib ... 
6982 bytes for ./Payload/同城享购商户版.app/changePwdViewController.nib
copying file ./Payload/同城享购商户版.app/commentsTableViewCell.nib ... 
7858 bytes for ./Payload/同城享购商户版.app/commentsTableViewCell.nib
copying file ./Payload/同城享购商户版.app/contractViewController.nib ... 
4924 bytes for ./Payload/同城享购商户版.app/contractViewController.nib
copying file ./Payload/同城享购商户版.app/embedded.mobileprovision ... 
7597 bytes for ./Payload/同城享购商户版.app/embedded.mobileprovision
copying file ./Payload/同城享购商户版.app/goodsTableViewCell.nib ... 
6144 bytes for ./Payload/同城享购商户版.app/goodsTableViewCell.nib
copying file ./Payload/同城享购商户版.app/goodsTypeTableViewCell.nib ... 
3183 bytes for ./Payload/同城享购商户版.app/goodsTypeTableViewCell.nib
copying file ./Payload/同城享购商户版.app/goodsView.nib ... 
28016 bytes for ./Payload/同城享购商户版.app/goodsView.nib
copying file ./Payload/同城享购商户版.app/headerView.nib ... 
5559 bytes for ./Payload/同城享购商户版.app/headerView.nib
copying file ./Payload/同城享购商户版.app/imageLiaryCollectionViewCell.nib ... 
2842 bytes for ./Payload/同城享购商户版.app/imageLiaryCollectionViewCell.nib
copying file ./Payload/同城享购商户版.app/Info.plist ... 
1613 bytes for ./Payload/同城享购商户版.app/Info.plist
copying file ./Payload/同城享购商户版.app/keywordCollectionViewCell.nib ... 
3882 bytes for ./Payload/同城享购商户版.app/keywordCollectionViewCell.nib
copying file ./Payload/同城享购商户版.app/LoginViewController.nib ... 
6073 bytes for ./Payload/同城享购商户版.app/LoginViewController.nib
copying file ./Payload/同城享购商户版.app/mangerPlist.plist ... 
543 bytes for ./Payload/同城享购商户版.app/mangerPlist.plist
copying file ./Payload/同城享购商户版.app/mangerView.nib ... 
21972 bytes for ./Payload/同城享购商户版.app/mangerView.nib
copying file ./Payload/同城享购商户版.app/MJRefresh.bundle/arrow@2x.png ... 
1033 bytes for ./Payload/同城享购商户版.app/MJRefresh.bundle/arrow@2x.png
copying file ./Payload/同城享购商户版.app/MJRefresh.bundle/en.lproj/Localizable.strings ... 
1372 bytes for ./Payload/同城享购商户版.app/MJRefresh.bundle/en.lproj/Localizable.strings
copying file ./Payload/同城享购商户版.app/MJRefresh.bundle/zh-Hans.lproj/Localizable.strings ... 
1194 bytes for ./Payload/同城享购商户版.app/MJRefresh.bundle/zh-Hans.lproj/Localizable.strings
copying file ./Payload/同城享购商户版.app/MJRefresh.bundle/zh-Hant.lproj/Localizable.strings ... 
773 bytes for ./Payload/同城享购商户版.app/MJRefresh.bundle/zh-Hant.lproj/Localizable.strings
copying file ./Payload/同城享购商户版.app/NetErrorViewController.nib ... 
974 bytes for ./Payload/同城享购商户版.app/NetErrorViewController.nib
copying file ./Payload/同城享购商户版.app/openTimeViewController.nib ... 
6779 bytes for ./Payload/同城享购商户版.app/openTimeViewController.nib
copying file ./Payload/同城享购商户版.app/orderInfoDownView.nib ... 
7601 bytes for ./Payload/同城享购商户版.app/orderInfoDownView.nib
copying file ./Payload/同城享购商户版.app/orderInfoUpView.nib ... 
7750 bytes for ./Payload/同城享购商户版.app/orderInfoUpView.nib
copying file ./Payload/同城享购商户版.app/outtime.m4a ... 
183147 bytes for ./Payload/同城享购商户版.app/outtime.m4a
copying file ./Payload/同城享购商户版.app/PkgInfo ... 
8 bytes for ./Payload/同城享购商户版.app/PkgInfo
copying file ./Payload/同城
2017-12-19 13:18:40 +0000  享购商户版.app/productView.nib ... 
3840 bytes for ./Payload/同城享购商户版.app/productView.nib
copying file ./Payload/同城享购商户版.app/refund.m4a ... 
151930 bytes for ./Payload/同城享购商户版.app/refund.m4a
copying file ./Payload/同城享购商户版.app/resViewController.nib ... 
3524 bytes for ./Payload/同城享购商户版.app/resViewController.nib
copying file ./Payload/同城享购商户版.app/shopSettingsView.nib ... 
27751 bytes for ./Payload/同城享购商户版.app/shopSettingsView.nib
copying file ./Payload/同城享购商户版.app/sortTypeTableViewCell.nib ... 
3952 bytes for ./Payload/同城享购商户版.app/sortTypeTableViewCell.nib
copying file ./Payload/同城享购商户版.app/sportManView.nib ... 
4383 bytes for ./Payload/同城享购商户版.app/sportManView.nib
copying file ./Payload/同城享购商户版.app/take.m4a ... 
181111 bytes for ./Payload/同城享购商户版.app/take.m4a
copying file ./Payload/同城享购商户版.app/test.caf ... 
2017-12-19 13:18:40 +0000  1060562 bytes for ./Payload/同城享购商户版.app/test.caf
copying file ./Payload/同城享购商户版.app/typeEditedViewController.nib ... 
2017-12-19 13:18:40 +0000  5757 bytes for ./Payload/同城享购商户版.app/typeEditedViewController.nib
copying file ./Payload/同城享购商户版.app/UMSocialSDKPromptResources.bundle/en.lproj/UMSocialPromptLocalizable.strings ... 
8304 bytes for ./Payload/同城享购商户版.app/UMSocialSDKPromptResources.bundle/en.lproj/UMSocialPromptLocalizable.strings
copying file ./Payload/同城享购商户版.app/UMSocialSDKPromptResources.bundle/zh-Hans.lproj/UMSocialPromptLocalizable.strings ... 
8304 bytes for ./Payload/同城享购商户版.app/UMSocialSDKPromptResources.bundle/zh-Hans.lproj/UMSocialPromptLocalizable.strings
copying file ./Payload/同城享购商户版.app/同城享购商户版 ... 
2017-12-19 13:18:42 +0000  53477296 bytes for ./Payload/同城享购商户版.app/同城享购商户版
2017-12-19 13:18:42 +0000  
2017-12-19 13:18:42 +0000  2017-12-19 13:18:42 +0000  /usr/bin/ditto exited with 0

2017-12-19 13:18:42 +0000  
2017-12-19 13:18:42 +0000  Processing step: IDEDistributionCreateManifestStep
2017-12-19 13:18:42 +0000  Skipping step: IDEDistributionCreateManifestStep because it said so
